T-Spice - Tanner SPICE
Version 15.23
Network license from: flexlm.ecs.soton.ac.uk
Product Release ID: T-Spice Win64 15.23.20120726.02:35:09
Copyright © 1988-2012 Tanner EDA

	Parsing "H:\D2ext\LayoutEntry\GeorgeLayout\TEAMG_MULTIBLOCK_SIM.sp"
	Including "H:\D2ext\LayoutEntry\libraries\layout\amsc35b4.lib"
	Including "H:\D2ext\LayoutEntry\GeorgeLayout\TEAMG_MULTIBLOCK_TESSELATION.spc"
Loaded BSIM3v33_Berkeley model library, Berkeley BSIM3 v3.3.0
Warning : Voltage source Vgnd is connected to itself, and will be ignored

	Opening simulation database "H:\D2ext\LayoutEntry\GeorgeLayout\TEAMG_MULTIBLOCK_SIM.tsim"

General options:
        threads = 2

 Device and node counts:
              MOSFETs -     136
    MOSFET geometries -      16
      Voltage sources -      12
          Subcircuits -      34
    Model Definitions -      10
      Computed Models -       2
    Independent nodes -      68
       Boundary nodes -      12
          Total nodes -      80
*** 1 WARNING MESSAGE GENERATED DURING SETUP



Parsing                      0.03 seconds
Setup                        0.02 seconds
DC operating point           0.04 seconds
Transient Analysis           6.50 seconds
Overhead                     0.23 seconds
-----------------------------------------
Total                        6.82 seconds

Simulation completed	with  1 Warning