T-Spice - Tanner SPICE
Version 15.23
Network license from: flexlm.ecs.soton.ac.uk
Product Release ID: T-Spice Win64 15.23.20120726.02:35:09
Copyright © 1988-2012 Tanner EDA

	Parsing "H:\D2ext\LayoutEntry\GeorgeLayout\SPICESIMNETLIST.sp"
	Including "H:\D2ext\libraries\layout\amsc35b4.lib"
	Including "H:\D2ext\LayoutEntry\GeorgeLayout\TEAMG_RINGOSCILLATOR.spc"
Loaded BSIM3v33_Berkeley model library, Berkeley BSIM3 v3.3.0
Warning : Voltage source Vgnd is connected to itself, and will be ignored
Warning : Voltage source Vgnd2 is connected to itself, and will be ignored

	Opening simulation database "H:\D2ext\LayoutEntry\GeorgeLayout\SPICESIMNETLIST.tsim"

General options:
        threads = 2

 Device and node counts:
              MOSFETs -     228
    MOSFET geometries -      33
      Voltage sources -       7
          Subcircuits -      30
    Model Definitions -      10
      Computed Models -       2
    Independent nodes -     108
       Boundary nodes -       6
          Total nodes -     114
*** 2 WARNING MESSAGES GENERATED DURING SETUP



Parsing                      0.03 seconds
Setup                        0.19 seconds
DC operating point           0.11 seconds
Transient Analysis          24.51 seconds
Overhead                     0.51 seconds
-----------------------------------------
Total                       25.34 seconds

Simulation completed	with  2 Warnings