T-Spice - Tanner SPICE
Version 15.23
Network license from: flexlm.ecs.soton.ac.uk
Product Release ID: T-Spice Win64 15.23.20120726.02:35:09
Copyright © 1988-2012 Tanner EDA

	Parsing "H:\D2ext\LayoutEntry\GeorgeLayout\TEAMG_FLIPPERSIM_4BIT.sp"
	Including "H:\D2ext\libraries\layout\amsc35b4.lib"
	Including "H:\D2ext\LayoutEntry\GeorgeLayout\TEAMG_SIGNCHANGER_4_BIT_LINE_BOTTOMOUT.spc"
Loaded BSIM3v33_Berkeley model library, Berkeley BSIM3 v3.3.0
Warning : Voltage source Vgnd is connected to itself, and will be ignored

	Opening simulation database "H:\D2ext\LayoutEntry\GeorgeLayout\TEAMG_FLIPPERSIM_4BIT.tsim"

General options:
        threads = 2

 Device and node counts:
              MOSFETs -     114
    MOSFET geometries -      28
      Voltage sources -       8
          Subcircuits -      21
    Model Definitions -      10
      Computed Models -       2
    Independent nodes -      61
       Boundary nodes -       8
          Total nodes -      69
*** 1 WARNING MESSAGE GENERATED DURING SETUP



Parsing                      0.03 seconds
Setup                        0.02 seconds
DC operating point           0.03 seconds
Transient Analysis           0.96 seconds
Overhead                     0.15 seconds
-----------------------------------------
Total                        1.18 seconds

Simulation completed	with  1 Warning